<?xml version="1.0" encoding="utf-8"?><testsuites name="pytest tests"><testsuite name="pytest" errors="0" failures="0" skipped="0" tests="3" time="7.967" timestamp="2026-09-13T12:52:51.692647+00:00" hostname="agent-env-1683aabf-3832-4dbf-9211-2687ea4a4116"><testcase classname="backend.tests.test_history" name="test_history_returns_chronological_list" time="0.621" /><testcase classname="backend.tests.test_history" name="test_reanalyze_appends_snapshot" time="5.073" /><testcase classname="backend.tests.test_history" name="test_delete_removes_history" time="2.189" /></testsuite></testsuites>