<?xml version="1.0" encoding="utf-8"?><testsuites name="pytest tests"><testsuite name="pytest" errors="0" failures="1" skipped="0" tests="13" time="25.522" timestamp="2026-09-13T12:42:01.407151+00:00" hostname="agent-env-1683aabf-3832-4dbf-9211-2687ea4a4116"><testcase classname="backend.tests.test_backend_api.TestAuth" name="test_login_success" time="0.389" /><testcase classname="backend.tests.test_backend_api.TestAuth" name="test_login_wrong_password" time="0.352" /><testcase classname="backend.tests.test_backend_api.TestAuth" name="test_login_sets_cookies" time="0.360" /><testcase classname="backend.tests.test_backend_api.TestAuth" name="test_me_with_bearer" time="0.117" /><testcase classname="backend.tests.test_backend_api.TestAuth" name="test_me_with_cookie_only" time="0.393" /><testcase classname="backend.tests.test_backend_api.TestAuth" name="test_dashboard_unauth_401" time="0.106" /><testcase classname="backend.tests.test_backend_api.TestAuth" name="test_register_new_user_seeded" time="0.478" /><testcase classname="backend.tests.test_backend_api.TestDashboard" name="test_admin_dashboard" time="0.065" /><testcase classname="backend.tests.test_backend_api.TestCompetitorFlow" name="test_add_and_analyze_competitor" time="3.084" /><testcase classname="backend.tests.test_backend_api.TestOurProduct" name="test_analyze_our_product" time="2.204" /><testcase classname="backend.tests.test_backend_api.TestInsights" name="test_generate_and_fetch_insights" time="17.566" /><testcase classname="backend.tests.test_backend_api.TestInsights" name="test_actions_list_and_update" time="0.165"><failure message="AssertionError: assert None == 'In Progress'&#10; +  where None = &lt;built-in method get of dict object at 0xfd6cd069a340&gt;('status')&#10; +    where &lt;built-in method get of dict object at 0xfd6cd069a340&gt; = {'ok': True}.get&#10; +      where {'ok': True} = json()&#10; +        where json = &lt;Response [200]&gt;.json">backend/tests/test_backend_api.py:157: in test_actions_list_and_update
    assert (r2.json().get("status") == "In Progress")
E   AssertionError: assert None == 'In Progress'
E    +  where None = &lt;built-in method get of dict object at 0xfd6cd069a340&gt;('status')
E    +    where &lt;built-in method get of dict object at 0xfd6cd069a340&gt; = {'ok': True}.get
E    +      where {'ok': True} = json()
E    +        where json = &lt;Response [200]&gt;.json</failure></testcase><testcase classname="backend.tests.test_backend_api.TestDemo" name="test_demo_clear_then_load" time="0.123" /></testsuite></testsuites>